2025-04-14 00:44:02.987957 - Received CBT.V508.FILE988.PDS from FILE988.XMI 
2025-04-14 00:44:02.988782 - Found $$$#DATE.txt (text/plain) in CBT.V508.FILE988.PDS, moved to PDS/$$$#DATE
2025-04-14 00:44:02.988860 - Found $$NOTE01.txt (text/plain) in CBT.V508.FILE988.PDS, moved to PDS/$$NOTE01
2025-04-14 00:44:02.988924 - Found $$NOTE02.txt (text/plain) in CBT.V508.FILE988.PDS, moved to PDS/$$NOTE02
2025-04-14 00:44:02.988997 - Found @FILE988.txt (text/plain) in CBT.V508.FILE988.PDS, moved to PDS/@FILE988
2025-04-14 00:44:02.989535 - Found MZAPASM.txt (text/plain) in CBT.V508.FILE988.PDS, moved to PDS/MZAPASM
2025-04-14 00:44:02.989700 - Found MZAPFB.txt (text/plain) in CBT.V508.FILE988.PDS, moved to PDS/MZAPFB
2025-04-14 00:44:02.989770 - Found MZAPMVS.txt (text/plain) in CBT.V508.FILE988.PDS, moved to PDS/MZAPMVS
2025-04-14 00:44:02.989962 - Found MZAPVB.xmi (application/xmit) in CBT.V508.FILE988.PDS, moved to PDS/MZAPVB.xmi
2025-04-14 00:44:03.171335 - Received SBGOLOB.MZAP78.MZAPVB from MZAPVB.xmi 
2025-04-14 00:44:03.172174 - Found ATTN.txt (text/plain) in SBGOLOB.MZAP78.MZAPVB, moved to MZAPVB/ATTN
2025-04-14 00:44:03.172245 - Found COMPARE.txt (text/plain) in SBGOLOB.MZAP78.MZAPVB, moved to MZAPVB/COMPARE
2025-04-14 00:44:03.172304 - Found INDEX.txt (text/plain) in SBGOLOB.MZAP78.MZAPVB, moved to MZAPVB/INDEX
2025-04-14 00:44:03.172362 - Found INITDOC.txt (text/plain) in SBGOLOB.MZAP78.MZAPVB, moved to MZAPVB/INITDOC
2025-04-14 00:44:03.172440 - Found INPUT.txt (text/plain) in SBGOLOB.MZAP78.MZAPVB, moved to MZAPVB/INPUT
2025-04-14 00:44:03.172500 - Found INTRO.txt (text/plain) in SBGOLOB.MZAP78.MZAPVB, moved to MZAPVB/INTRO
2025-04-14 00:44:03.172564 - Found JCL.txt (text/plain) in SBGOLOB.MZAP78.MZAPVB, moved to MZAPVB/JCL
2025-04-14 00:44:03.172629 - Found MANUAL.txt (text/plain) in SBGOLOB.MZAP78.MZAPVB, moved to MZAPVB/MANUAL
2025-04-14 00:44:03.172709 - Found MESSAGES.txt (text/plain) in SBGOLOB.MZAP78.MZAPVB, moved to MZAPVB/MESSAGES
2025-04-14 00:44:03.172836 - Found MZAP.txt (text/plain) in SBGOLOB.MZAP78.MZAPVB, moved to MZAPVB/MZAP
2025-04-14 00:44:03.172905 - Found MZAPINST.txt (text/plain) in SBGOLOB.MZAP78.MZAPVB, moved to MZAPVB/MZAPINST
2025-04-14 00:44:03.172971 - Found SYSTEM.txt (text/plain) in SBGOLOB.MZAP78.MZAPVB, moved to MZAPVB/SYSTEM
